2023.02.18 17:32:48 INFO  Started: Metals version 0.11.10+125-561687da-SNAPSHOT in workspace '/Users/frank/code/fp-essence' for client Visual Studio Code 1.75.0.[0m
SLF4J: No SLF4J providers were found.
SLF4J: Defaulting to no-operation (NOP) logger implementation
SLF4J: See https://www.slf4j.org/codes.html#noProviders for further details.
SLF4J: Class path contains SLF4J bindings targeting slf4j-api versions 1.7.x or earlier.
SLF4J: Ignoring binding found at [jar:file:/Users/frank/Library/Caches/Coursier/v1/https/repo1.maven.org/maven2/com/outr/scribe-slf4j_2.13/3.10.6/scribe-slf4j_2.13-3.10.6.jar!/org/slf4j/impl/StaticLoggerBinder.class]
SLF4J: See https://www.slf4j.org/codes.html#ignoredBindings for an explanation.
2023.02.18 17:32:50 INFO  time: initialize in 2.13s[0m
2023.02.18 17:33:05 INFO  Started: Metals version 0.11.10+155-4d6ef86a-SNAPSHOT in workspace '/Users/frank/code/fp-essence' for client Visual Studio Code 1.75.0.[0m
SLF4J: No SLF4J providers were found.
SLF4J: Defaulting to no-operation (NOP) logger implementation
SLF4J: See https://www.slf4j.org/codes.html#noProviders for further details.
SLF4J: Class path contains SLF4J bindings targeting slf4j-api versions 1.7.x or earlier.
SLF4J: Ignoring binding found at [jar:file:/Users/frank/Library/Caches/Coursier/v1/https/repo1.maven.org/maven2/com/outr/scribe-slf4j_2.13/3.10.7/scribe-slf4j_2.13-3.10.7.jar!/org/slf4j/impl/StaticLoggerBinder.class]
SLF4J: See https://www.slf4j.org/codes.html#ignoredBindings for an explanation.
2023.02.18 17:33:06 INFO  time: initialize in 1.07s[0m
2023.02.18 17:33:11 WARN  Build server is not auto-connectable.[0m
2023.02.18 17:33:11 WARN  no build tool detected in workspace '/Users/frank/code/fp-essence'. The most common cause for this problem is that the editor was opened in the wrong working directory, for example if you use sbt then the workspace directory should contain build.sbt. [0m
2023.02.18 17:33:11 WARN  no build target for: /Users/frank/code/fp-essence/scala/build.sbt[0m
Feb 18, 2023 5:33:17 PM org.eclipse.lsp4j.jsonrpc.services.GenericEndpoint notify
INFO: Unsupported notification method: $/setTrace
2023.02.18 17:33:20 INFO  no build target found for /Users/frank/code/fp-essence/scala/build.sbt. Using presentation compiler with project's scala-library version: 3.2.2[0m
2023.02.18 17:33:24 INFO  time: code lens generation in 12s[0m
